<?xml version="1.0" encoding="UTF-8"?>
<!-- Generated by org.testng.reporters.JUnitXMLReporter -->
<testsuite ignored="7" hostname="Sudhir" failures="0" tests="2" name="Default test(failed)" time="7.847" errors="0" timestamp="2022-10-20T11:50:32 IST">
  <testcase classname="TestCases.FaildTest" name="verifyTwitterlogoTest" time="0.488"/>
  <testcase classname="TestCases.FaildTest" name="verifylinkdnlogoTest" time="0.475"/>
  <testcase classname="TestCases.FaildTest" name="addToCartProTest" time="0.0">
    <ignored/>
  </testcase> <!-- addToCartProTest -->
  <testcase classname="TestCases.FaildTest" name="verifyfblogoTest" time="0.0">
    <ignored/>
  </testcase> <!-- verifyfblogoTest -->
  <testcase classname="TestCases.FaildTest" name="verifyBiglogoTest" time="0.0">
    <ignored/>
  </testcase> <!-- verifyBiglogoTest -->
  <testcase classname="TestCases.FaildTest" name="verifyNextPageLableTest" time="0.0">
    <ignored/>
  </testcase> <!-- verifyNextPageLableTest -->
  <testcase classname="TestCases.FaildTest" name="verifyNextPageUrltest" time="0.0">
    <ignored/>
  </testcase> <!-- verifyNextPageUrltest -->
  <testcase classname="TestCases.FaildTest" name="verifySmalllogoTest" time="0.0">
    <ignored/>
  </testcase> <!-- verifySmalllogoTest -->
  <testcase classname="TestCases.FaildTest" name="add6ProductTest" time="0.0">
    <ignored/>
  </testcase> <!-- add6ProductTest -->
</testsuite> <!-- Default test(failed) -->
