<?xml version="1.0" encoding="UTF-8"?>
<!-- Generated by org.testng.reporters.JUnitXMLReporter -->
<testsuite ignored="0" hostname="Sudhir" failures="0" tests="3" name="Default test" time="21.235" errors="0" timestamp="2022-11-04T17:11:57 IST">
  <testcase classname="TestCases.CompleteCheckoutPageTest" name="verifyPonyExpressLogoTest" time="2.414"/>
  <testcase classname="TestCases.CompleteCheckoutPageTest" name="verifytextLableTest" time="1.538"/>
  <testcase classname="TestCases.CompleteCheckoutPageTest" name="verifythankyouLableTest" time="1.491"/>
</testsuite> <!-- Default test -->
