<?xml version="1.0" encoding="UTF-8"?>
<testng-results ignored="0" total="3" passed="3" failed="0" skipped="0">
  <reporter-output>
  </reporter-output>
  <suite started-at="2022-11-04T17:11:36 IST" name="Default suite" finished-at="2022-11-04T17:11:57 IST" duration-ms="21235">
    <groups>
    </groups>
    <test started-at="2022-11-04T17:11:36 IST" name="Default test" finished-at="2022-11-04T17:11:57 IST" duration-ms="21235">
      <class name="TestCases.CompleteCheckoutPageTest">
        <test-method is-config="true" signature="setup()[pri:0, instance:TestCases.CompleteCheckoutPageTest@1b11171f]" started-at="2022-11-04T17:11:36 IST" name="setup" finished-at="2022-11-04T17:11:42 IST" duration-ms="6000" status="PASS">
          <reporter-output>
          </reporter-output>
        </test-method> <!-- setup -->
        <test-method signature="verifyPonyExpressLogoTest()[pri:0, instance:TestCases.CompleteCheckoutPageTest@1b11171f]" started-at="2022-11-04T17:11:42 IST" name="verifyPonyExpressLogoTest" finished-at="2022-11-04T17:11:44 IST" duration-ms="2414" status="PASS">
          <reporter-output>
          </reporter-output>
        </test-method> <!-- verifyPonyExpressLogoTest -->
        <test-method is-config="true" signature="closeBrowser()[pri:0, instance:TestCases.CompleteCheckoutPageTest@1b11171f]" started-at="2022-11-04T17:11:44 IST" name="closeBrowser" finished-at="2022-11-04T17:11:44 IST" duration-ms="204" status="PASS">
          <reporter-output>
          </reporter-output>
        </test-method> <!-- closeBrowser -->
        <test-method is-config="true" signature="setup()[pri:0, instance:TestCases.CompleteCheckoutPageTest@1b11171f]" started-at="2022-11-04T17:11:44 IST" name="setup" finished-at="2022-11-04T17:11:49 IST" duration-ms="4961" status="PASS">
          <reporter-output>
          </reporter-output>
        </test-method> <!-- setup -->
        <test-method signature="verifytextLableTest()[pri:0, instance:TestCases.CompleteCheckoutPageTest@1b11171f]" started-at="2022-11-04T17:11:49 IST" name="verifytextLableTest" finished-at="2022-11-04T17:11:51 IST" duration-ms="1538" status="PASS">
          <reporter-output>
          </reporter-output>
        </test-method> <!-- verifytextLableTest -->
        <test-method is-config="true" signature="closeBrowser()[pri:0, instance:TestCases.CompleteCheckoutPageTest@1b11171f]" started-at="2022-11-04T17:11:51 IST" name="closeBrowser" finished-at="2022-11-04T17:11:51 IST" duration-ms="210" status="PASS">
          <reporter-output>
          </reporter-output>
        </test-method> <!-- closeBrowser -->
        <test-method is-config="true" signature="setup()[pri:0, instance:TestCases.CompleteCheckoutPageTest@1b11171f]" started-at="2022-11-04T17:11:51 IST" name="setup" finished-at="2022-11-04T17:11:55 IST" duration-ms="4181" status="PASS">
          <reporter-output>
          </reporter-output>
        </test-method> <!-- setup -->
        <test-method signature="verifythankyouLableTest()[pri:0, instance:TestCases.CompleteCheckoutPageTest@1b11171f]" started-at="2022-11-04T17:11:55 IST" name="verifythankyouLableTest" finished-at="2022-11-04T17:11:57 IST" duration-ms="1491" status="PASS">
          <reporter-output>
          </reporter-output>
        </test-method> <!-- verifythankyouLableTest -->
        <test-method is-config="true" signature="closeBrowser()[pri:0, instance:TestCases.CompleteCheckoutPageTest@1b11171f]" started-at="2022-11-04T17:11:57 IST" name="closeBrowser" finished-at="2022-11-04T17:11:57 IST" duration-ms="192" status="PASS">
          <reporter-output>
          </reporter-output>
        </test-method> <!-- closeBrowser -->
      </class> <!-- TestCases.CompleteCheckoutPageTest -->
    </test> <!-- Default test -->
  </suite> <!-- Default suite -->
</testng-results>
